<?xml version="1.0" encoding="utf-8"?><testsuites name="pytest tests"><testsuite name="pytest" errors="0" failures="1" skipped="0" tests="6" time="2.490" timestamp="2026-05-31T04:29:29.275201+00:00" hostname="agent-env-5cbf257b-50a5-459d-8555-0ce3f506cdd2"><testcase classname="backend.tests.test_tracker_api" name="test_tracker_endpoint_returns_live_payload" time="0.454" /><testcase classname="backend.tests.test_tracker_api" name="test_tracker_default_month_counts_match_expected" time="0.369" /><testcase classname="backend.tests.test_tracker_api" name="test_tracker_kpi_rows_sorted_and_statuses_correct" time="0.472" /><testcase classname="backend.tests.test_tracker_api" name="test_tracker_month_query_param_for_april" time="0.350" /><testcase classname="backend.tests.test_tracker_api" name="test_tracker_archive_contains_april_entry" time="0.359"><failure message="assert 0 &gt;= 1&#10; +  where 0 = len([])">backend/tests/test_tracker_api.py:70: in test_tracker_archive_contains_april_entry
    assert len(april_entries) &gt;= 1
E   assert 0 &gt;= 1
E    +  where 0 = len([])</failure></testcase><testcase classname="backend.tests.test_tracker_api" name="test_tracker_invalid_month_fallback" time="0.446" /></testsuite></testsuites>